<?xml version="1.0" encoding="UTF-8"?>
<!-- Generated by org.testng.reporters.JUnitReportReporter -->
<testsuite name="pk_mercury_tours.Drag_and_Drop" tests="1" time="18.310" ignored="0" failures="0" timestamp="30 Sep 2020 03:59:21 GMT" skipped="0" hostname="HIBACL131408" errors="0">
  <testcase name="DragDrop" time="18.310" classname="pk_mercury_tours.Drag_and_Drop"/>
</testsuite> <!-- pk_mercury_tours.Drag_and_Drop -->
