<?xml version="1.0" encoding="UTF-8"?>
<!-- Generated by org.testng.reporters.JUnitReportReporter -->
<testsuite name="pk_mercury_tours.Scroll_Down_WebPage_Bottom_Example" tests="1" time="24.110" ignored="0" failures="0" timestamp="11 Nov 2020 13:41:55 GMT" skipped="0" hostname="HIBACL131408" errors="0">
  <testcase name="ByPage" time="24.110" classname="pk_mercury_tours.Scroll_Down_WebPage_Bottom_Example"/>
</testsuite> <!-- pk_mercury_tours.Scroll_Down_WebPage_Bottom_Example -->
