<?xml version="1.0" encoding="UTF-8"?>
<!-- Generated by org.testng.reporters.JUnitReportReporter -->
<testsuite name="pk_mercury_tours.OrangeHRM_MouseHover_Two_Layer" tests="1" time="11.840" ignored="0" failures="0" timestamp="18 Apr 2020 08:51:26 GMT" skipped="0" hostname="HIBACL131408" errors="0">
  <testcase name="Sign_On" time="11.840" classname="pk_mercury_tours.OrangeHRM_MouseHover_Two_Layer"/>
</testsuite> <!-- pk_mercury_tours.OrangeHRM_MouseHover_Two_Layer -->
