<?xml version="1.0" encoding="UTF-8"?>
<!-- Generated by org.testng.reporters.JUnitReportReporter -->
<testsuite name="pk_orange_hrm.OrangeHRM_Navigation_Example" tests="1" time="27.277" ignored="0" failures="0" timestamp="24 Apr 2020 11:13:51 GMT" skipped="0" hostname="HIBACL131408" errors="0">
  <testcase name="Sign_On" time="27.277" classname="pk_orange_hrm.OrangeHRM_Navigation_Example"/>
</testsuite> <!-- pk_orange_hrm.OrangeHRM_Navigation_Example -->
