<?xml version="1.0" encoding="UTF-8"?>
<!-- Generated by org.testng.reporters.JUnitReportReporter -->
<testsuite name="pk_mercury_tours.ReadDataFromExcel" tests="3" time="141.879" ignored="0" failures="0" timestamp="01 Jul 2020 11:56:32 GMT" skipped="0" hostname="HIBACL131408" errors="0">
  <testcase name="LoginApp" time="45.683" classname="pk_mercury_tours.ReadDataFromExcel"/>
  <testcase name="LoginApp" time="44.152" classname="pk_mercury_tours.ReadDataFromExcel"/>
  <testcase name="LoginApp" time="52.044" classname="pk_mercury_tours.ReadDataFromExcel"/>
</testsuite> <!-- pk_mercury_tours.ReadDataFromExcel -->
