<?xml version="1.0" encoding="UTF-8"?>
<!-- Generated by org.testng.reporters.JUnitReportReporter -->
<testsuite name="pk_orange_hrm.OrangeHRM_UploadFile_RobotClass" tests="1" time="19.916" ignored="0" failures="0" timestamp="20 Apr 2020 07:13:31 GMT" skipped="0" hostname="HIBACL131408" errors="0">
  <testcase name="testUpload" time="19.916" classname="pk_orange_hrm.OrangeHRM_UploadFile_RobotClass"/>
</testsuite> <!-- pk_orange_hrm.OrangeHRM_UploadFile_RobotClass -->
