<?xml version="1.0" encoding="UTF-8"?>
<!-- Generated by org.testng.reporters.JUnitReportReporter -->
<testsuite name="pk_mercury_tours.Scroll_Horizontal_Example" tests="1" time="16.357" ignored="0" failures="0" timestamp="11 Nov 2020 13:38:44 GMT" skipped="0" hostname="HIBACL131408" errors="0">
  <testcase name="ScrollHorizontally" time="16.357" classname="pk_mercury_tours.Scroll_Horizontal_Example"/>
</testsuite> <!-- pk_mercury_tours.Scroll_Horizontal_Example -->
