<?xml version="1.0" encoding="UTF-8"?>
<!-- Generated by org.testng.reporters.JUnitReportReporter -->
<testsuite name="pk_orange_hrm.OrangeHRM_Login_Parameters" tests="3" time="38.805" ignored="0" failures="0" timestamp="24 Apr 2020 10:04:03 GMT" skipped="0" hostname="HIBACL131408" errors="0">
  <testcase name="Sign_On" time="11.167" classname="pk_orange_hrm.OrangeHRM_Login_Parameters"/>
  <testcase name="Sign_On" time="12.773" classname="pk_orange_hrm.OrangeHRM_Login_Parameters"/>
  <testcase name="Sign_On" time="14.865" classname="pk_orange_hrm.OrangeHRM_Login_Parameters"/>
</testsuite> <!-- pk_orange_hrm.OrangeHRM_Login_Parameters -->
