<?xml version="1.0" encoding="UTF-8"?>
<!-- Generated by org.testng.reporters.JUnitReportReporter -->
<testsuite name="pk_mercury_tours.OrangeHRM_AddUser_WebTable_Read" tests="1" time="23.276" ignored="0" failures="0" timestamp="19 Apr 2020 13:00:53 GMT" skipped="0" hostname="HIBACL131408" errors="0">
  <testcase name="Sign_On" time="23.276" classname="pk_mercury_tours.OrangeHRM_AddUser_WebTable_Read"/>
</testsuite> <!-- pk_mercury_tours.OrangeHRM_AddUser_WebTable_Read -->
