<?xml version="1.0" encoding="UTF-8"?>
<!-- Generated by org.testng.reporters.JUnitReportReporter -->
<testsuite name="pk_mercury_tours.Execute_JavaScript_Code" tests="1" time="83.073" ignored="0" failures="0" timestamp="15 Apr 2020 14:26:34 GMT" skipped="0" hostname="HIBACL131408" errors="0">
  <testcase name="Login" time="83.073" classname="pk_mercury_tours.Execute_JavaScript_Code"/>
</testsuite> <!-- pk_mercury_tours.Execute_JavaScript_Code -->
