<?xml version="1.0" encoding="UTF-8"?>
<!-- Generated by org.testng.reporters.JUnitReportReporter -->
<testsuite name="pk_orange_hrm.OrangeHRM_AddUser" tests="4" time="87.561" ignored="0" failures="0" timestamp="24 Apr 2020 09:44:43 GMT" skipped="0" hostname="HIBACL131408" errors="0">
  <testcase name="Add_Users" time="24.731" classname="pk_orange_hrm.OrangeHRM_AddUser"/>
  <testcase name="Add_Users" time="21.038" classname="pk_orange_hrm.OrangeHRM_AddUser"/>
  <testcase name="Add_Users" time="21.150" classname="pk_orange_hrm.OrangeHRM_AddUser"/>
  <testcase name="Add_Users" time="20.642" classname="pk_orange_hrm.OrangeHRM_AddUser"/>
</testsuite> <!-- pk_orange_hrm.OrangeHRM_AddUser -->
