<?xml version="1.0" encoding="UTF-8"?>
<!-- Generated by org.testng.reporters.JUnitReportReporter -->
<testsuite name="pk_mercury_tours.NavigateAllLinks" tests="1" time="141.807" ignored="0" failures="0" timestamp="25 Dec 2019 04:47:44 GMT" skipped="0" hostname="HIBACL131408" errors="0">
  <testcase name="navigateToAllLinks" time="141.807" classname="pk_mercury_tours.NavigateAllLinks"/>
</testsuite> <!-- pk_mercury_tours.NavigateAllLinks -->
