<?xml version="1.0" encoding="UTF-8"?>
<!-- Generated by org.testng.reporters.JUnitReportReporter -->
<testsuite name="pk_mercury_tours.Orange_HRM_App_TestNG" tests="1" time="9.827" ignored="0" failures="0" timestamp="18 Apr 2020 08:32:20 GMT" skipped="0" hostname="HIBACL131408" errors="0">
  <testcase name="Sign_On" time="9.827" classname="pk_mercury_tours.Orange_HRM_App_TestNG"/>
</testsuite> <!-- pk_mercury_tours.Orange_HRM_App_TestNG -->
