<?xml version="1.0" encoding="UTF-8"?>
<!-- Generated by org.testng.reporters.JUnitReportReporter -->
<testsuite name="pk_mercury_tours.OrangeHRM_AddUser" tests="1" time="21.474" ignored="0" failures="0" timestamp="18 Apr 2020 12:12:54 GMT" skipped="0" hostname="HIBACL131408" errors="0">
  <testcase name="Sign_On" time="21.474" classname="pk_mercury_tours.OrangeHRM_AddUser"/>
</testsuite> <!-- pk_mercury_tours.OrangeHRM_AddUser -->
