<?xml version="1.0" encoding="UTF-8"?>
<!-- Generated by org.testng.reporters.JUnitReportReporter -->
<testsuite name="pk_mercury_tours.Handle_Frame" tests="1" time="5.298" ignored="0" failures="0" timestamp="24 Dec 2019 08:39:39 GMT" skipped="0" hostname="HIBACL131408" errors="0">
  <testcase name="real" time="5.298" classname="pk_mercury_tours.Handle_Frame"/>
</testsuite> <!-- pk_mercury_tours.Handle_Frame -->
