<?xml version="1.0" encoding="UTF-8"?>
<!-- Generated by org.testng.reporters.JUnitReportReporter -->
<testsuite name="pk_mercury_tours.OrangeHRM_SearchByUserName" tests="1" time="12.411" ignored="0" failures="0" timestamp="18 Apr 2020 11:38:58 GMT" skipped="0" hostname="HIBACL131408" errors="0">
  <testcase name="Sign_On" time="12.411" classname="pk_mercury_tours.OrangeHRM_SearchByUserName"/>
</testsuite> <!-- pk_mercury_tours.OrangeHRM_SearchByUserName -->
