<?xml version="1.0" encoding="UTF-8"?>
<!-- Generated by org.testng.reporters.JUnitReportReporter -->
<testsuite name="pk_mercury_tours.UploadFile_RobotClass" tests="1" time="13.326" ignored="0" failures="0" timestamp="09 Dec 2020 12:51:36 GMT" skipped="0" hostname="HIBACL131408" errors="0">
  <testcase name="testUpload" time="13.326" classname="pk_mercury_tours.UploadFile_RobotClass"/>
</testsuite> <!-- pk_mercury_tours.UploadFile_RobotClass -->
