<?xml version="1.0" encoding="UTF-8"?>
<!-- Generated by org.testng.reporters.JUnitReportReporter -->
<testsuite name="pk_orange_hrm.DataBase_Example" tests="1" time="0.046" ignored="0" failures="0" timestamp="10 Jul 2020 10:39:36 GMT" skipped="0" hostname="HIBACL131408" errors="0">
  <testcase name="ConnectMySQLDatabase" time="0.046" classname="pk_orange_hrm.DataBase_Example"/>
</testsuite> <!-- pk_orange_hrm.DataBase_Example -->
