<?xml version="1.0" encoding="UTF-8"?>
<!-- Generated by org.testng.reporters.JUnitReportReporter -->
<testsuite name="pk_mercury_tours.Grid_Example" tests="1" time="6.718" ignored="0" failures="0" timestamp="30 Nov 2019 04:41:29 GMT" skipped="0" hostname="HIBACL131408" errors="0">
  <testcase name="Sign_On" time="6.718" classname="pk_mercury_tours.Grid_Example"/>
</testsuite> <!-- pk_mercury_tours.Grid_Example -->
