<?xml version="1.0" encoding="UTF-8"?>
<!-- Generated by org.testng.reporters.JUnitReportReporter -->
<testsuite name="pk_mercury_tours.Scroll_Down_Visibility_Element_Example" tests="1" time="23.876" ignored="0" failures="0" timestamp="14 Nov 2019 08:28:28 GMT" skipped="0" hostname="HIBACL131408" errors="0">
  <testcase name="ByVisibleElement" time="23.876" classname="pk_mercury_tours.Scroll_Down_Visibility_Element_Example"/>
</testsuite> <!-- pk_mercury_tours.Scroll_Down_Visibility_Element_Example -->
