<?xml version="1.0" encoding="UTF-8"?>
<!-- Generated by org.testng.reporters.JUnitReportReporter -->
<testsuite name="pk_mercury_tours.Orange_HRM_Logout" tests="1" time="15.781" ignored="0" failures="0" timestamp="18 Apr 2020 11:31:21 GMT" skipped="0" hostname="HIBACL131408" errors="0">
  <testcase name="Sign_On" time="15.781" classname="pk_mercury_tours.Orange_HRM_Logout"/>
</testsuite> <!-- pk_mercury_tours.Orange_HRM_Logout -->
