<?xml version="1.0" encoding="UTF-8"?>
<!-- Generated by org.testng.reporters.JUnitReportReporter -->
<testsuite name="pk_orange_hrm.DataBase_Example_WithNewTours" tests="1" time="24.291" ignored="0" failures="0" timestamp="10 Jul 2020 10:43:17 GMT" skipped="0" hostname="HIBACL131408" errors="0">
  <testcase name="ConnectMySQLDatabase" time="24.291" classname="pk_orange_hrm.DataBase_Example_WithNewTours"/>
</testsuite> <!-- pk_orange_hrm.DataBase_Example_WithNewTours -->
