<?xml version="1.0" encoding="UTF-8"?>
<!-- Generated by org.testng.reporters.JUnitReportReporter -->
<testsuite name="pk_mercury_tours.DataBase_Example" tests="1" time="0.751" ignored="0" failures="0" timestamp="01 Jul 2020 11:35:31 GMT" skipped="0" hostname="HIBACL131408" errors="0">
  <testcase name="ConnectMySQLDatabase" time="0.751" classname="pk_mercury_tours.DataBase_Example"/>
</testsuite> <!-- pk_mercury_tours.DataBase_Example -->
