<?xml version="1.0" encoding="UTF-8"?>
<!-- Generated by org.testng.reporters.JUnitReportReporter -->
<testsuite name="pk_mercury_tours.Mouse_Hover_Example" tests="1" time="27.252" ignored="0" failures="0" timestamp="06 Nov 2020 12:23:38 GMT" skipped="0" hostname="HIBACL131408" errors="0">
  <testcase name="MouseHoverFlipCart" time="27.252" classname="pk_mercury_tours.Mouse_Hover_Example"/>
</testsuite> <!-- pk_mercury_tours.Mouse_Hover_Example -->
