<?xml version="1.0" encoding="UTF-8"?>
<!-- Generated by org.testng.reporters.JUnitReportReporter -->
<testsuite name="pk_orange_hrm.Orange_HRM_App_TestNG" tests="1" time="19.010" ignored="0" failures="0" timestamp="09 Sep 2020 10:22:19 GMT" skipped="0" hostname="HIBACL131408" errors="0">
  <testcase name="Sign_On" time="19.010" classname="pk_orange_hrm.Orange_HRM_App_TestNG"/>
</testsuite> <!-- pk_orange_hrm.Orange_HRM_App_TestNG -->
