<?xml version="1.0" encoding="UTF-8"?>
<!-- Generated by org.testng.reporters.JUnitReportReporter -->
<testsuite name="pk_mercury_tours.Edge_Browser_Example" tests="1" time="8.502" ignored="0" failures="0" timestamp="23 Apr 2020 12:31:37 GMT" skipped="0" hostname="HIBACL131408" errors="0">
  <testcase name="SignOn" time="8.502" classname="pk_mercury_tours.Edge_Browser_Example"/>
</testsuite> <!-- pk_mercury_tours.Edge_Browser_Example -->
