<?xml version="1.0" encoding="UTF-8"?>
<!-- Generated by org.testng.reporters.JUnitReportReporter -->
<testsuite name="pk_mercury_tours.HDFCBank_Login" tests="1" time="6.574" ignored="0" failures="0" timestamp="30 Sep 2020 03:59:21 GMT" skipped="0" hostname="HIBACL131408" errors="0">
  <testcase name="Sign_On" time="6.574" classname="pk_mercury_tours.HDFCBank_Login"/>
</testsuite> <!-- pk_mercury_tours.HDFCBank_Login -->
