<?xml version="1.0" encoding="UTF-8"?>
<!-- Generated by org.testng.reporters.JUnitReportReporter -->
<testsuite name="pk_orange_hrm.OrangeHRM_AddUser_WebTable_Read" tests="1" time="27.099" ignored="0" failures="0" timestamp="05 Nov 2020 16:35:09 GMT" skipped="0" hostname="HIBACL131408" errors="0">
  <testcase name="Sign_On" time="27.099" classname="pk_orange_hrm.OrangeHRM_AddUser_WebTable_Read"/>
</testsuite> <!-- pk_orange_hrm.OrangeHRM_AddUser_WebTable_Read -->
