<?xml version="1.0" encoding="UTF-8"?>
<!-- Generated by org.testng.reporters.JUnitReportReporter -->
<testsuite name="pk_mercury_tours.BatchExecution_Smoke" tests="1" time="0.007" ignored="0" failures="0" timestamp="29 Nov 2019 11:09:25 GMT" skipped="0" hostname="HIBACL131408" errors="0">
  <testcase name="Batch_Smoke" time="0.007" classname="pk_mercury_tours.BatchExecution_Smoke"/>
</testsuite> <!-- pk_mercury_tours.BatchExecution_Smoke -->
