<?xml version="1.0" encoding="UTF-8"?>
<!-- Generated by org.testng.reporters.JUnitReportReporter -->
<testsuite name="pk_mercury_tours.Flight_Login_IE" tests="1" time="14.952" ignored="0" failures="0" timestamp="15 Apr 2020 14:24:38 GMT" skipped="0" hostname="HIBACL131408" errors="0">
  <testcase name="SignOn" time="14.952" classname="pk_mercury_tours.Flight_Login_IE"/>
</testsuite> <!-- pk_mercury_tours.Flight_Login_IE -->
