<?xml version="1.0" encoding="UTF-8"?>
<!-- Generated by org.testng.reporters.JUnitReportReporter -->
<testsuite name="pk_orange_hrm.SmokeTest" tests="1" time="0.017" ignored="0" failures="0" timestamp="24 Apr 2020 11:13:51 GMT" skipped="0" hostname="HIBACL131408" errors="0">
  <testcase name="SmokeTest_Execution" time="0.017" classname="pk_orange_hrm.SmokeTest"/>
</testsuite> <!-- pk_orange_hrm.SmokeTest -->
