<?xml version="1.0" encoding="UTF-8"?>
<!-- Generated by org.testng.reporters.JUnitReportReporter -->
<testsuite name="pk_orange_hrm.SanityTest" tests="1" time="0.020" ignored="0" failures="0" timestamp="09 Jul 2020 10:37:16 GMT" skipped="0" hostname="HIBACL131408" errors="0">
  <testcase name="Sanity_Test" time="0.020" classname="pk_orange_hrm.SanityTest"/>
</testsuite> <!-- pk_orange_hrm.SanityTest -->
