<?xml version="1.0" encoding="UTF-8"?>
<!-- Generated by org.testng.reporters.JUnitReportReporter -->
<testsuite name="pk_mercury_tours.Parameter_Login_Example" tests="3" time="34.235" ignored="0" failures="0" timestamp="25 Dec 2019 07:51:26 GMT" skipped="0" hostname="HIBACL131408" errors="0">
  <testcase name="Login" time="5.889" classname="pk_mercury_tours.Parameter_Login_Example"/>
  <testcase name="Login" time="13.315" classname="pk_mercury_tours.Parameter_Login_Example"/>
  <testcase name="Login" time="15.031" classname="pk_mercury_tours.Parameter_Login_Example"/>
</testsuite> <!-- pk_mercury_tours.Parameter_Login_Example -->
