<?xml version="1.0" encoding="UTF-8"?>
<!-- Generated by org.testng.reporters.JUnitReportReporter -->
<testsuite name="pk_mercury_tours.ExplicitWait_Example" tests="1" time="16.409" ignored="0" failures="0" timestamp="23 Apr 2020 10:59:07 GMT" skipped="0" hostname="HIBACL131408" errors="0">
  <testcase name="Explicit_Wait" time="16.409" classname="pk_mercury_tours.ExplicitWait_Example"/>
</testsuite> <!-- pk_mercury_tours.ExplicitWait_Example -->
