<?xml version="1.0" encoding="UTF-8"?>
<!-- Generated by org.testng.reporters.JUnitReportReporter -->
<testsuite name="pk_mercury_tours.Handling_Multiple_Window" tests="1" time="5.357" ignored="0" failures="0" timestamp="30 Nov 2019 08:27:04 GMT" skipped="0" hostname="HIBACL131408" errors="0">
  <testcase name="demo" time="5.357" classname="pk_mercury_tours.Handling_Multiple_Window"/>
</testsuite> <!-- pk_mercury_tours.Handling_Multiple_Window -->
