<?xml version="1.0" encoding="UTF-8"?>
<!-- Generated by org.testng.reporters.JUnitReportReporter -->
<testsuite name="pk_mercury_tours.RadioButton" tests="1" time="24.509" ignored="0" failures="0" timestamp="24 Dec 2019 06:30:23 GMT" skipped="0" hostname="HIBACL131408" errors="0">
  <testcase name="SelectRadio" time="24.509" classname="pk_mercury_tours.RadioButton"/>
</testsuite> <!-- pk_mercury_tours.RadioButton -->
